Analysis & Synthesis report for cpuwmem
Thu Dec 05 12:19:01 2019
Quartus Prime Version 18.1.0 Build 625 09/12/2018 SJ Lite Edition


---------------------
; Table of Contents ;
---------------------
  1. Legal Notice
  2. Analysis & Synthesis Summary
  3. Analysis & Synthesis Settings
  4. Parallel Compilation
  5. Analysis & Synthesis Source Files Read
  6. Analysis & Synthesis Resource Usage Summary
  7. Analysis & Synthesis Resource Utilization by Entity
  8. Analysis & Synthesis RAM Summary
  9. Analysis & Synthesis IP Cores Summary
 10. State Machine - |cpuwmem|CPU:get_cpu|Tstep_Q
 11. General Register Statistics
 12. Multiplexer Restructuring Statistics (Restructuring Performed)
 13. Source assignments for inst_mem:get_mem|altsyncram:altsyncram_component|altsyncram_vct3:auto_generated
 14. Parameter Settings for User Entity Instance: inst_mem:get_mem|altsyncram:altsyncram_component
 15. Parameter Settings for User Entity Instance: CPU:get_cpu|regn:reg_0
 16. Parameter Settings for User Entity Instance: CPU:get_cpu|regn:reg_1
 17. Parameter Settings for User Entity Instance: CPU:get_cpu|regn:reg_2
 18. Parameter Settings for User Entity Instance: CPU:get_cpu|regn:reg_3
 19. Parameter Settings for User Entity Instance: CPU:get_cpu|regn:reg_4
 20. Parameter Settings for User Entity Instance: CPU:get_cpu|regn:reg_5
 21. Parameter Settings for User Entity Instance: CPU:get_cpu|regn:reg_6
 22. Parameter Settings for User Entity Instance: CPU:get_cpu|regn:reg_7
 23. Parameter Settings for User Entity Instance: CPU:get_cpu|regn:reg_A
 24. Parameter Settings for User Entity Instance: CPU:get_cpu|regn:reg_G
 25. Parameter Settings for User Entity Instance: CPU:get_cpu|regn:ir_reg
 26. altsyncram Parameter Settings by Entity Instance
 27. Port Connectivity Checks: "CPU:get_cpu|dec3to8:decY"
 28. Port Connectivity Checks: "CPU:get_cpu|dec3to8:decX"
 29. Post-Synthesis Netlist Statistics for Top Partition
 30. Elapsed Time Per Partition
 31. Analysis & Synthesis Messages



----------------
; Legal Notice ;
----------------
Copyright (C) 2018  Intel Corporation. All rights reserved.
Your use of Intel Corporation's design tools, logic functions 
and other software and tools, and its AMPP partner logic 
functions, and any output files from any of the foregoing 
(including device programming or simulation files), and any 
associated documentation or information are expressly subject 
to the terms and conditions of the Intel Program License 
Subscription Agreement, the Intel Quartus Prime License Agreement,
the Intel FPGA IP License Agreement, or other applicable license
agreement, including, without limitation, that your use is for
the sole purpose of programming logic devices manufactured by
Intel and sold by Intel or its authorized distributors.  Please
refer to the applicable agreement for further details.



+----------------------------------------------------------------------------------+
; Analysis & Synthesis Summary                                                     ;
+------------------------------------+---------------------------------------------+
; Analysis & Synthesis Status        ; Successful - Thu Dec 05 12:19:01 2019       ;
; Quartus Prime Version              ; 18.1.0 Build 625 09/12/2018 SJ Lite Edition ;
; Revision Name                      ; cpuwmem                                     ;
; Top-level Entity Name              ; cpuwmem                                     ;
; Family                             ; MAX 10                                      ;
; Total logic elements               ; 212                                         ;
;     Total combinational functions  ; 130                                         ;
;     Dedicated logic registers      ; 108                                         ;
; Total registers                    ; 108                                         ;
; Total pins                         ; 14                                          ;
; Total virtual pins                 ; 0                                           ;
; Total memory bits                  ; 288                                         ;
; Embedded Multiplier 9-bit elements ; 0                                           ;
; Total PLLs                         ; 0                                           ;
; UFM blocks                         ; 0                                           ;
; ADC blocks                         ; 0                                           ;
+------------------------------------+---------------------------------------------+


+------------------------------------------------------------------------------------------------------------+
; Analysis & Synthesis Settings                                                                              ;
+------------------------------------------------------------------+--------------------+--------------------+
; Option                                                           ; Setting            ; Default Value      ;
+------------------------------------------------------------------+--------------------+--------------------+
; Device                                                           ; 10M50DAF484C6GES   ;                    ;
; Top-level entity name                                            ; cpuwmem            ; cpuwmem            ;
; Family name                                                      ; MAX 10             ; Cyclone V          ;
; Use smart compilation                                            ; Off                ; Off                ;
; Enable parallel Assembler and Timing Analyzer during compilation ; On                 ; On                 ;
; Enable compact report table                                      ; Off                ; Off                ;
; Restructure Multiplexers                                         ; Auto               ; Auto               ;
; Create Debugging Nodes for IP Cores                              ; Off                ; Off                ;
; Preserve fewer node names                                        ; On                 ; On                 ;
; Intel FPGA IP Evaluation Mode                                    ; Enable             ; Enable             ;
; Verilog Version                                                  ; Verilog_2001       ; Verilog_2001       ;
; VHDL Version                                                     ; VHDL_1993          ; VHDL_1993          ;
; State Machine Processing                                         ; Auto               ; Auto               ;
; Safe State Machine                                               ; Off                ; Off                ;
; Extract Verilog State Machines                                   ; On                 ; On                 ;
; Extract VHDL State Machines                                      ; On                 ; On                 ;
; Ignore Verilog initial constructs                                ; Off                ; Off                ;
; Iteration limit for constant Verilog loops                       ; 5000               ; 5000               ;
; Iteration limit for non-constant Verilog loops                   ; 250                ; 250                ;
; Add Pass-Through Logic to Inferred RAMs                          ; On                 ; On                 ;
; Infer RAMs from Raw Logic                                        ; On                 ; On                 ;
; Parallel Synthesis                                               ; On                 ; On                 ;
; DSP Block Balancing                                              ; Auto               ; Auto               ;
; NOT Gate Push-Back                                               ; On                 ; On                 ;
; Power-Up Don't Care                                              ; On                 ; On                 ;
; Remove Redundant Logic Cells                                     ; Off                ; Off                ;
; Remove Duplicate Registers                                       ; On                 ; On                 ;
; Ignore CARRY Buffers                                             ; Off                ; Off                ;
; Ignore CASCADE Buffers                                           ; Off                ; Off                ;
; Ignore GLOBAL Buffers                                            ; Off                ; Off                ;
; Ignore ROW GLOBAL Buffers                                        ; Off                ; Off                ;
; Ignore LCELL Buffers                                             ; Off                ; Off                ;
; Ignore SOFT Buffers                                              ; On                 ; On                 ;
; Limit AHDL Integers to 32 Bits                                   ; Off                ; Off                ;
; Optimization Technique                                           ; Balanced           ; Balanced           ;
; Carry Chain Length                                               ; 70                 ; 70                 ;
; Auto Carry Chains                                                ; On                 ; On                 ;
; Auto Open-Drain Pins                                             ; On                 ; On                 ;
; Perform WYSIWYG Primitive Resynthesis                            ; Off                ; Off                ;
; Auto ROM Replacement                                             ; On                 ; On                 ;
; Auto RAM Replacement                                             ; On                 ; On                 ;
; Auto DSP Block Replacement                                       ; On                 ; On                 ;
; Auto Shift Register Replacement                                  ; Auto               ; Auto               ;
; Allow Shift Register Merging across Hierarchies                  ; Auto               ; Auto               ;
; Auto Clock Enable Replacement                                    ; On                 ; On                 ;
; Strict RAM Replacement                                           ; Off                ; Off                ;
; Allow Synchronous Control Signals                                ; On                 ; On                 ;
; Force Use of Synchronous Clear Signals                           ; Off                ; Off                ;
; Auto RAM Block Balancing                                         ; On                 ; On                 ;
; Auto RAM to Logic Cell Conversion                                ; Off                ; Off                ;
; Auto Resource Sharing                                            ; Off                ; Off                ;
; Allow Any RAM Size For Recognition                               ; Off                ; Off                ;
; Allow Any ROM Size For Recognition                               ; Off                ; Off                ;
; Allow Any Shift Register Size For Recognition                    ; Off                ; Off                ;
; Use LogicLock Constraints during Resource Balancing              ; On                 ; On                 ;
; Ignore translate_off and synthesis_off directives                ; Off                ; Off                ;
; Timing-Driven Synthesis                                          ; On                 ; On                 ;
; Report Parameter Settings                                        ; On                 ; On                 ;
; Report Source Assignments                                        ; On                 ; On                 ;
; Report Connectivity Checks                                       ; On                 ; On                 ;
; Ignore Maximum Fan-Out Assignments                               ; Off                ; Off                ;
; Synchronization Register Chain Length                            ; 2                  ; 2                  ;
; Power Optimization During Synthesis                              ; Normal compilation ; Normal compilation ;
; HDL message level                                                ; Level2             ; Level2             ;
; Suppress Register Optimization Related Messages                  ; Off                ; Off                ;
; Number of Removed Registers Reported in Synthesis Report         ; 5000               ; 5000               ;
; Number of Swept Nodes Reported in Synthesis Report               ; 5000               ; 5000               ;
; Number of Inverted Registers Reported in Synthesis Report        ; 100                ; 100                ;
; Clock MUX Protection                                             ; On                 ; On                 ;
; Auto Gated Clock Conversion                                      ; Off                ; Off                ;
; Block Design Naming                                              ; Auto               ; Auto               ;
; SDC constraint protection                                        ; Off                ; Off                ;
; Synthesis Effort                                                 ; Auto               ; Auto               ;
; Shift Register Replacement - Allow Asynchronous Clear Signal     ; On                 ; On                 ;
; Pre-Mapping Resynthesis Optimization                             ; Off                ; Off                ;
; Analysis & Synthesis Message Level                               ; Medium             ; Medium             ;
; Disable Register Merging Across Hierarchies                      ; Auto               ; Auto               ;
; Resource Aware Inference For Block RAM                           ; On                 ; On                 ;
+------------------------------------------------------------------+--------------------+--------------------+


+------------------------------------------+
; Parallel Compilation                     ;
+----------------------------+-------------+
; Processors                 ; Number      ;
+----------------------------+-------------+
; Number detected on machine ; 12          ;
; Maximum allowed            ; 6           ;
;                            ;             ;
; Average used               ; 1.00        ;
; Maximum used               ; 6           ;
;                            ;             ;
; Usage by Processor         ; % Time Used ;
;     Processor 1            ; 100.0%      ;
;     Processors 2-6         ;   0.0%      ;
+----------------------------+-------------+


+-----------------------------------------------------------------------------------------------------------------------------------------------------------------------------------+
; Analysis & Synthesis Source Files Read                                                                                                                                            ;
+-------------------------------------+-----------------+----------------------------------+------------------------------------------------------------------------------+---------+
; File Name with User-Entered Path    ; Used in Netlist ; File Type                        ; File Name with Absolute Path                                                 ; Library ;
+-------------------------------------+-----------------+----------------------------------+------------------------------------------------------------------------------+---------+
; ../Users/SHR77/Desktop/inst_mem.mif ; yes             ; User Memory Initialization File  ; C:/Users/SHR77/Desktop/inst_mem.mif                                          ;         ;
; ../CPU/CPU.vhd                      ; yes             ; User VHDL File                   ; C:/CPU/CPU.vhd                                                               ;         ;
; ../CPU/addsub.vhd                   ; yes             ; User VHDL File                   ; C:/CPU/addsub.vhd                                                            ;         ;
; ../CPU/mux.vhd                      ; yes             ; User VHDL File                   ; C:/CPU/mux.vhd                                                               ;         ;
; ../CPU/dec3to8.vhd                  ; yes             ; User VHDL File                   ; C:/CPU/dec3to8.vhd                                                           ;         ;
; ../CPU/regn.vhd                     ; yes             ; User VHDL File                   ; C:/CPU/regn.vhd                                                              ;         ;
; cpuwmem.vhd                         ; yes             ; User VHDL File                   ; C:/fuckit/cpuwmem.vhd                                                        ;         ;
; inst_mem.vhd                        ; yes             ; User Wizard-Generated File       ; C:/fuckit/inst_mem.vhd                                                       ;         ;
; altsyncram.tdf                      ; yes             ; Megafunction                     ; c:/intelfpga_lite/18.1/quartus/libraries/megafunctions/altsyncram.tdf        ;         ;
; stratix_ram_block.inc               ; yes             ; Megafunction                     ; c:/intelfpga_lite/18.1/quartus/libraries/megafunctions/stratix_ram_block.inc ;         ;
; lpm_mux.inc                         ; yes             ; Megafunction                     ; c:/intelfpga_lite/18.1/quartus/libraries/megafunctions/lpm_mux.inc           ;         ;
; lpm_decode.inc                      ; yes             ; Megafunction                     ; c:/intelfpga_lite/18.1/quartus/libraries/megafunctions/lpm_decode.inc        ;         ;
; aglobal181.inc                      ; yes             ; Megafunction                     ; c:/intelfpga_lite/18.1/quartus/libraries/megafunctions/aglobal181.inc        ;         ;
; a_rdenreg.inc                       ; yes             ; Megafunction                     ; c:/intelfpga_lite/18.1/quartus/libraries/megafunctions/a_rdenreg.inc         ;         ;
; altrom.inc                          ; yes             ; Megafunction                     ; c:/intelfpga_lite/18.1/quartus/libraries/megafunctions/altrom.inc            ;         ;
; altram.inc                          ; yes             ; Megafunction                     ; c:/intelfpga_lite/18.1/quartus/libraries/megafunctions/altram.inc            ;         ;
; altdpram.inc                        ; yes             ; Megafunction                     ; c:/intelfpga_lite/18.1/quartus/libraries/megafunctions/altdpram.inc          ;         ;
; db/altsyncram_vct3.tdf              ; yes             ; Auto-Generated Megafunction      ; C:/fuckit/db/altsyncram_vct3.tdf                                             ;         ;
+-------------------------------------+-----------------+----------------------------------+------------------------------------------------------------------------------+---------+


+------------------------------------------------------------+
; Analysis & Synthesis Resource Usage Summary                ;
+---------------------------------------------+--------------+
; Resource                                    ; Usage        ;
+---------------------------------------------+--------------+
; Estimated Total logic elements              ; 212          ;
;                                             ;              ;
; Total combinational functions               ; 130          ;
; Logic element usage by number of LUT inputs ;              ;
;     -- 4 input functions                    ; 91           ;
;     -- 3 input functions                    ; 28           ;
;     -- <=2 input functions                  ; 11           ;
;                                             ;              ;
; Logic elements by mode                      ;              ;
;     -- normal mode                          ; 118          ;
;     -- arithmetic mode                      ; 12           ;
;                                             ;              ;
; Total registers                             ; 108          ;
;     -- Dedicated logic registers            ; 108          ;
;     -- I/O registers                        ; 0            ;
;                                             ;              ;
; I/O pins                                    ; 14           ;
; Total memory bits                           ; 288          ;
;                                             ;              ;
; Embedded Multiplier 9-bit elements          ; 0            ;
;                                             ;              ;
; Maximum fan-out node                        ; PClock~input ;
; Maximum fan-out                             ; 103          ;
; Total fan-out                               ; 870          ;
; Average fan-out                             ; 3.16         ;
+---------------------------------------------+--------------+


+----------------------------------------------------------------------------------------------------------------------------------------------------------------------------------------------------------------------------------------------------------------------------------------------------------------------------+
; Analysis & Synthesis Resource Utilization by Entity                                                                                                                                                                                                                                                                        ;
+-------------------------------------------+---------------------+---------------------------+-------------+------------+--------------+---------+-----------+------+--------------+------------+------------------------------------------------------------------------------------------+-----------------+--------------+
; Compilation Hierarchy Node                ; Combinational ALUTs ; Dedicated Logic Registers ; Memory Bits ; UFM Blocks ; DSP Elements ; DSP 9x9 ; DSP 18x18 ; Pins ; Virtual Pins ; ADC blocks ; Full Hierarchy Name                                                                      ; Entity Name     ; Library Name ;
+-------------------------------------------+---------------------+---------------------------+-------------+------------+--------------+---------+-----------+------+--------------+------------+------------------------------------------------------------------------------------------+-----------------+--------------+
; |cpuwmem                                  ; 130 (5)             ; 108 (5)                   ; 288         ; 0          ; 0            ; 0       ; 0         ; 14   ; 0            ; 0          ; |cpuwmem                                                                                 ; cpuwmem         ; work         ;
;    |CPU:get_cpu|                          ; 125 (33)            ; 103 (4)                   ; 0           ; 0          ; 0            ; 0       ; 0         ; 0    ; 0            ; 0          ; |cpuwmem|CPU:get_cpu                                                                     ; CPU             ; work         ;
;       |addsub:a_plus_bus|                 ; 10 (10)             ; 0 (0)                     ; 0           ; 0          ; 0            ; 0       ; 0         ; 0    ; 0            ; 0          ; |cpuwmem|CPU:get_cpu|addsub:a_plus_bus                                                   ; addsub          ; work         ;
;       |mux:mux_define|                    ; 72 (72)             ; 0 (0)                     ; 0           ; 0          ; 0            ; 0       ; 0         ; 0    ; 0            ; 0          ; |cpuwmem|CPU:get_cpu|mux:mux_define                                                      ; mux             ; work         ;
;       |regn:ir_reg|                       ; 0 (0)               ; 9 (9)                     ; 0           ; 0          ; 0            ; 0       ; 0         ; 0    ; 0            ; 0          ; |cpuwmem|CPU:get_cpu|regn:ir_reg                                                         ; regn            ; work         ;
;       |regn:reg_0|                        ; 0 (0)               ; 9 (9)                     ; 0           ; 0          ; 0            ; 0       ; 0         ; 0    ; 0            ; 0          ; |cpuwmem|CPU:get_cpu|regn:reg_0                                                          ; regn            ; work         ;
;       |regn:reg_1|                        ; 0 (0)               ; 9 (9)                     ; 0           ; 0          ; 0            ; 0       ; 0         ; 0    ; 0            ; 0          ; |cpuwmem|CPU:get_cpu|regn:reg_1                                                          ; regn            ; work         ;
;       |regn:reg_2|                        ; 0 (0)               ; 9 (9)                     ; 0           ; 0          ; 0            ; 0       ; 0         ; 0    ; 0            ; 0          ; |cpuwmem|CPU:get_cpu|regn:reg_2                                                          ; regn            ; work         ;
;       |regn:reg_3|                        ; 0 (0)               ; 9 (9)                     ; 0           ; 0          ; 0            ; 0       ; 0         ; 0    ; 0            ; 0          ; |cpuwmem|CPU:get_cpu|regn:reg_3                                                          ; regn            ; work         ;
;       |regn:reg_4|                        ; 0 (0)               ; 9 (9)                     ; 0           ; 0          ; 0            ; 0       ; 0         ; 0    ; 0            ; 0          ; |cpuwmem|CPU:get_cpu|regn:reg_4                                                          ; regn            ; work         ;
;       |regn:reg_5|                        ; 0 (0)               ; 9 (9)                     ; 0           ; 0          ; 0            ; 0       ; 0         ; 0    ; 0            ; 0          ; |cpuwmem|CPU:get_cpu|regn:reg_5                                                          ; regn            ; work         ;
;       |regn:reg_6|                        ; 0 (0)               ; 9 (9)                     ; 0           ; 0          ; 0            ; 0       ; 0         ; 0    ; 0            ; 0          ; |cpuwmem|CPU:get_cpu|regn:reg_6                                                          ; regn            ; work         ;
;       |regn:reg_7|                        ; 0 (0)               ; 9 (9)                     ; 0           ; 0          ; 0            ; 0       ; 0         ; 0    ; 0            ; 0          ; |cpuwmem|CPU:get_cpu|regn:reg_7                                                          ; regn            ; work         ;
;       |regn:reg_A|                        ; 0 (0)               ; 9 (9)                     ; 0           ; 0          ; 0            ; 0       ; 0         ; 0    ; 0            ; 0          ; |cpuwmem|CPU:get_cpu|regn:reg_A                                                          ; regn            ; work         ;
;       |regn:reg_G|                        ; 10 (10)             ; 9 (9)                     ; 0           ; 0          ; 0            ; 0       ; 0         ; 0    ; 0            ; 0          ; |cpuwmem|CPU:get_cpu|regn:reg_G                                                          ; regn            ; work         ;
;    |inst_mem:get_mem|                     ; 0 (0)               ; 0 (0)                     ; 288         ; 0          ; 0            ; 0       ; 0         ; 0    ; 0            ; 0          ; |cpuwmem|inst_mem:get_mem                                                                ; inst_mem        ; work         ;
;       |altsyncram:altsyncram_component|   ; 0 (0)               ; 0 (0)                     ; 288         ; 0          ; 0            ; 0       ; 0         ; 0    ; 0            ; 0          ; |cpuwmem|inst_mem:get_mem|altsyncram:altsyncram_component                                ; altsyncram      ; work         ;
;          |altsyncram_vct3:auto_generated| ; 0 (0)               ; 0 (0)                     ; 288         ; 0          ; 0            ; 0       ; 0         ; 0    ; 0            ; 0          ; |cpuwmem|inst_mem:get_mem|altsyncram:altsyncram_component|altsyncram_vct3:auto_generated ; altsyncram_vct3 ; work         ;
+-------------------------------------------+---------------------+---------------------------+-------------+------------+--------------+---------+-----------+------+--------------+------------+------------------------------------------------------------------------------------------+-----------------+--------------+
Note: For table entries with two numbers listed, the numbers in parentheses indicate the number of resources of the given type used by the specific entity alone. The numbers listed outside of parentheses indicate the total resources of the given type used by the specific entity and all of its sub-entities in the hierarchy.


+-------------------------------------------------------------------------------------------------------------------------------------------------------------------------------------------------------------------+
; Analysis & Synthesis RAM Summary                                                                                                                                                                                  ;
+--------------------------------------------------------------------------------------------+------+------+--------------+--------------+--------------+--------------+------+-------------------------------------+
; Name                                                                                       ; Type ; Mode ; Port A Depth ; Port A Width ; Port B Depth ; Port B Width ; Size ; MIF                                 ;
+--------------------------------------------------------------------------------------------+------+------+--------------+--------------+--------------+--------------+------+-------------------------------------+
; inst_mem:get_mem|altsyncram:altsyncram_component|altsyncram_vct3:auto_generated|ALTSYNCRAM ; AUTO ; ROM  ; 32           ; 9            ; --           ; --           ; 288  ; ../Users/SHR77/Desktop/inst_mem.mif ;
+--------------------------------------------------------------------------------------------+------+------+--------------+--------------+--------------+--------------+------+-------------------------------------+


+-------------------------------------------------------------------------------------------------------------+
; Analysis & Synthesis IP Cores Summary                                                                       ;
+--------+--------------+---------+--------------+--------------+---------------------------+-----------------+
; Vendor ; IP Core Name ; Version ; Release Date ; License Type ; Entity Instance           ; IP Include File ;
+--------+--------------+---------+--------------+--------------+---------------------------+-----------------+
; Altera ; ROM: 1-PORT  ; 18.1    ; N/A          ; N/A          ; |cpuwmem|inst_mem:get_mem ; inst_mem.vhd    ;
+--------+--------------+---------+--------------+--------------+---------------------------+-----------------+


Encoding Type:  One-Hot
+----------------------------------------------------------------+
; State Machine - |cpuwmem|CPU:get_cpu|Tstep_Q                   ;
+------------+------------+------------+------------+------------+
; Name       ; Tstep_Q.T3 ; Tstep_Q.T2 ; Tstep_Q.T1 ; Tstep_Q.T0 ;
+------------+------------+------------+------------+------------+
; Tstep_Q.T0 ; 0          ; 0          ; 0          ; 0          ;
; Tstep_Q.T1 ; 0          ; 0          ; 1          ; 1          ;
; Tstep_Q.T2 ; 0          ; 1          ; 0          ; 1          ;
; Tstep_Q.T3 ; 1          ; 0          ; 0          ; 1          ;
+------------+------------+------------+------------+------------+


+------------------------------------------------------+
; General Register Statistics                          ;
+----------------------------------------------+-------+
; Statistic                                    ; Value ;
+----------------------------------------------+-------+
; Total registers                              ; 108   ;
; Number of registers using Synchronous Clear  ; 0     ;
; Number of registers using Synchronous Load   ; 0     ;
; Number of registers using Asynchronous Clear ; 9     ;
; Number of registers using Asynchronous Load  ; 0     ;
; Number of registers using Clock Enable       ; 99    ;
; Number of registers using Preset             ; 0     ;
+----------------------------------------------+-------+


+--------------------------------------------------------------------------------------------------------------------------------------------------------+
; Multiplexer Restructuring Statistics (Restructuring Performed)                                                                                         ;
+--------------------+-----------+---------------+----------------------+------------------------+------------+------------------------------------------+
; Multiplexer Inputs ; Bus Width ; Baseline Area ; Area if Restructured ; Saving if Restructured ; Registered ; Example Multiplexer Output               ;
+--------------------+-----------+---------------+----------------------+------------------------+------------+------------------------------------------+
; 8:1                ; 8 bits    ; 40 LEs        ; 16 LEs               ; 24 LEs                 ; No         ; |cpuwmem|CPU:get_cpu|Mux4                ;
; 11:1               ; 9 bits    ; 63 LEs        ; 54 LEs               ; 9 LEs                  ; No         ; |cpuwmem|CPU:get_cpu|mux:mux_define|Q[0] ;
+--------------------+-----------+---------------+----------------------+------------------------+------------+------------------------------------------+


+--------------------------------------------------------------------------------------------------------+
; Source assignments for inst_mem:get_mem|altsyncram:altsyncram_component|altsyncram_vct3:auto_generated ;
+---------------------------------+--------------------+------+------------------------------------------+
; Assignment                      ; Value              ; From ; To                                       ;
+---------------------------------+--------------------+------+------------------------------------------+
; OPTIMIZE_POWER_DURING_SYNTHESIS ; NORMAL_COMPILATION ; -    ; -                                        ;
+---------------------------------+--------------------+------+------------------------------------------+


+-----------------------------------------------------------------------------------------------+
; Parameter Settings for User Entity Instance: inst_mem:get_mem|altsyncram:altsyncram_component ;
+------------------------------------+-------------------------------------+--------------------+
; Parameter Name                     ; Value                               ; Type               ;
+------------------------------------+-------------------------------------+--------------------+
; BYTE_SIZE_BLOCK                    ; 8                                   ; Untyped            ;
; AUTO_CARRY_CHAINS                  ; ON                                  ; AUTO_CARRY         ;
; IGNORE_CARRY_BUFFERS               ; OFF                                 ; IGNORE_CARRY       ;
; AUTO_CASCADE_CHAINS                ; ON                                  ; AUTO_CASCADE       ;
; IGNORE_CASCADE_BUFFERS             ; OFF                                 ; IGNORE_CASCADE     ;
; WIDTH_BYTEENA                      ; 1                                   ; Untyped            ;
; OPERATION_MODE                     ; ROM                                 ; Untyped            ;
; WIDTH_A                            ; 9                                   ; Signed Integer     ;
; WIDTHAD_A                          ; 5                                   ; Signed Integer     ;
; NUMWORDS_A                         ; 32                                  ; Signed Integer     ;
; OUTDATA_REG_A                      ; UNREGISTERED                        ; Untyped            ;
; ADDRESS_ACLR_A                     ; NONE                                ; Untyped            ;
; OUTDATA_ACLR_A                     ; NONE                                ; Untyped            ;
; WRCONTROL_ACLR_A                   ; NONE                                ; Untyped            ;
; INDATA_ACLR_A                      ; NONE                                ; Untyped            ;
; BYTEENA_ACLR_A                     ; NONE                                ; Untyped            ;
; WIDTH_B                            ; 1                                   ; Signed Integer     ;
; WIDTHAD_B                          ; 1                                   ; Signed Integer     ;
; NUMWORDS_B                         ; 0                                   ; Signed Integer     ;
; INDATA_REG_B                       ; CLOCK1                              ; Untyped            ;
; WRCONTROL_WRADDRESS_REG_B          ; CLOCK1                              ; Untyped            ;
; RDCONTROL_REG_B                    ; CLOCK1                              ; Untyped            ;
; ADDRESS_REG_B                      ; CLOCK1                              ; Untyped            ;
; OUTDATA_REG_B                      ; UNREGISTERED                        ; Untyped            ;
; BYTEENA_REG_B                      ; CLOCK1                              ; Untyped            ;
; INDATA_ACLR_B                      ; NONE                                ; Untyped            ;
; WRCONTROL_ACLR_B                   ; NONE                                ; Untyped            ;
; ADDRESS_ACLR_B                     ; NONE                                ; Untyped            ;
; OUTDATA_ACLR_B                     ; NONE                                ; Untyped            ;
; RDCONTROL_ACLR_B                   ; NONE                                ; Untyped            ;
; BYTEENA_ACLR_B                     ; NONE                                ; Untyped            ;
; WIDTH_BYTEENA_A                    ; 1                                   ; Signed Integer     ;
; WIDTH_BYTEENA_B                    ; 1                                   ; Signed Integer     ;
; RAM_BLOCK_TYPE                     ; AUTO                                ; Untyped            ;
; BYTE_SIZE                          ; 8                                   ; Signed Integer     ;
; READ_DURING_WRITE_MODE_MIXED_PORTS ; DONT_CARE                           ; Untyped            ;
; READ_DURING_WRITE_MODE_PORT_A      ; NEW_DATA_NO_NBE_READ                ; Untyped            ;
; READ_DURING_WRITE_MODE_PORT_B      ; NEW_DATA_NO_NBE_READ                ; Untyped            ;
; INIT_FILE                          ; ../Users/SHR77/Desktop/inst_mem.mif ; Untyped            ;
; INIT_FILE_LAYOUT                   ; PORT_A                              ; Untyped            ;
; MAXIMUM_DEPTH                      ; 0                                   ; Signed Integer     ;
; CLOCK_ENABLE_INPUT_A               ; BYPASS                              ; Untyped            ;
; CLOCK_ENABLE_INPUT_B               ; NORMAL                              ; Untyped            ;
; CLOCK_ENABLE_OUTPUT_A              ; BYPASS                              ; Untyped            ;
; CLOCK_ENABLE_OUTPUT_B              ; NORMAL                              ; Untyped            ;
; CLOCK_ENABLE_CORE_A                ; USE_INPUT_CLKEN                     ; Untyped            ;
; CLOCK_ENABLE_CORE_B                ; USE_INPUT_CLKEN                     ; Untyped            ;
; ENABLE_ECC                         ; FALSE                               ; Untyped            ;
; ECC_PIPELINE_STAGE_ENABLED         ; FALSE                               ; Untyped            ;
; WIDTH_ECCSTATUS                    ; 3                                   ; Signed Integer     ;
; DEVICE_FAMILY                      ; MAX 10                              ; Untyped            ;
; CBXI_PARAMETER                     ; altsyncram_vct3                     ; Untyped            ;
+------------------------------------+-------------------------------------+--------------------+
Note: In order to hide this table in the UI and the text report file, please set the "Show Parameter Settings in Synthesis Report" option in "Analysis and Synthesis Settings -> More Settings" to "Off".


+---------------------------------------------------------------------+
; Parameter Settings for User Entity Instance: CPU:get_cpu|regn:reg_0 ;
+----------------+-------+--------------------------------------------+
; Parameter Name ; Value ; Type                                       ;
+----------------+-------+--------------------------------------------+
; n              ; 9     ; Signed Integer                             ;
+----------------+-------+--------------------------------------------+
Note: In order to hide this table in the UI and the text report file, please set the "Show Parameter Settings in Synthesis Report" option in "Analysis and Synthesis Settings -> More Settings" to "Off".


+---------------------------------------------------------------------+
; Parameter Settings for User Entity Instance: CPU:get_cpu|regn:reg_1 ;
+----------------+-------+--------------------------------------------+
; Parameter Name ; Value ; Type                                       ;
+----------------+-------+--------------------------------------------+
; n              ; 9     ; Signed Integer                             ;
+----------------+-------+--------------------------------------------+
Note: In order to hide this table in the UI and the text report file, please set the "Show Parameter Settings in Synthesis Report" option in "Analysis and Synthesis Settings -> More Settings" to "Off".


+---------------------------------------------------------------------+
; Parameter Settings for User Entity Instance: CPU:get_cpu|regn:reg_2 ;
+----------------+-------+--------------------------------------------+
; Parameter Name ; Value ; Type                                       ;
+----------------+-------+--------------------------------------------+
; n              ; 9     ; Signed Integer                             ;
+----------------+-------+--------------------------------------------+
Note: In order to hide this table in the UI and the text report file, please set the "Show Parameter Settings in Synthesis Report" option in "Analysis and Synthesis Settings -> More Settings" to "Off".


+---------------------------------------------------------------------+
; Parameter Settings for User Entity Instance: CPU:get_cpu|regn:reg_3 ;
+----------------+-------+--------------------------------------------+
; Parameter Name ; Value ; Type                                       ;
+----------------+-------+--------------------------------------------+
; n              ; 9     ; Signed Integer                             ;
+----------------+-------+--------------------------------------------+
Note: In order to hide this table in the UI and the text report file, please set the "Show Parameter Settings in Synthesis Report" option in "Analysis and Synthesis Settings -> More Settings" to "Off".


+---------------------------------------------------------------------+
; Parameter Settings for User Entity Instance: CPU:get_cpu|regn:reg_4 ;
+----------------+-------+--------------------------------------------+
; Parameter Name ; Value ; Type                                       ;
+----------------+-------+--------------------------------------------+
; n              ; 9     ; Signed Integer                             ;
+----------------+-------+--------------------------------------------+
Note: In order to hide this table in the UI and the text report file, please set the "Show Parameter Settings in Synthesis Report" option in "Analysis and Synthesis Settings -> More Settings" to "Off".


+---------------------------------------------------------------------+
; Parameter Settings for User Entity Instance: CPU:get_cpu|regn:reg_5 ;
+----------------+-------+--------------------------------------------+
; Parameter Name ; Value ; Type                                       ;
+----------------+-------+--------------------------------------------+
; n              ; 9     ; Signed Integer                             ;
+----------------+-------+--------------------------------------------+
Note: In order to hide this table in the UI and the text report file, please set the "Show Parameter Settings in Synthesis Report" option in "Analysis and Synthesis Settings -> More Settings" to "Off".


+---------------------------------------------------------------------+
; Parameter Settings for User Entity Instance: CPU:get_cpu|regn:reg_6 ;
+----------------+-------+--------------------------------------------+
; Parameter Name ; Value ; Type                                       ;
+----------------+-------+--------------------------------------------+
; n              ; 9     ; Signed Integer                             ;
+----------------+-------+--------------------------------------------+
Note: In order to hide this table in the UI and the text report file, please set the "Show Parameter Settings in Synthesis Report" option in "Analysis and Synthesis Settings -> More Settings" to "Off".


+---------------------------------------------------------------------+
; Parameter Settings for User Entity Instance: CPU:get_cpu|regn:reg_7 ;
+----------------+-------+--------------------------------------------+
; Parameter Name ; Value ; Type                                       ;
+----------------+-------+--------------------------------------------+
; n              ; 9     ; Signed Integer                             ;
+----------------+-------+--------------------------------------------+
Note: In order to hide this table in the UI and the text report file, please set the "Show Parameter Settings in Synthesis Report" option in "Analysis and Synthesis Settings -> More Settings" to "Off".


+---------------------------------------------------------------------+
; Parameter Settings for User Entity Instance: CPU:get_cpu|regn:reg_A ;
+----------------+-------+--------------------------------------------+
; Parameter Name ; Value ; Type                                       ;
+----------------+-------+--------------------------------------------+
; n              ; 9     ; Signed Integer                             ;
+----------------+-------+--------------------------------------------+
Note: In order to hide this table in the UI and the text report file, please set the "Show Parameter Settings in Synthesis Report" option in "Analysis and Synthesis Settings -> More Settings" to "Off".


+---------------------------------------------------------------------+
; Parameter Settings for User Entity Instance: CPU:get_cpu|regn:reg_G ;
+----------------+-------+--------------------------------------------+
; Parameter Name ; Value ; Type                                       ;
+----------------+-------+--------------------------------------------+
; n              ; 9     ; Signed Integer                             ;
+----------------+-------+--------------------------------------------+
Note: In order to hide this table in the UI and the text report file, please set the "Show Parameter Settings in Synthesis Report" option in "Analysis and Synthesis Settings -> More Settings" to "Off".


+----------------------------------------------------------------------+
; Parameter Settings for User Entity Instance: CPU:get_cpu|regn:ir_reg ;
+----------------+-------+---------------------------------------------+
; Parameter Name ; Value ; Type                                        ;
+----------------+-------+---------------------------------------------+
; n              ; 9     ; Signed Integer                              ;
+----------------+-------+---------------------------------------------+
Note: In order to hide this table in the UI and the text report file, please set the "Show Parameter Settings in Synthesis Report" option in "Analysis and Synthesis Settings -> More Settings" to "Off".


+----------------------------------------------------------------------------------------------+
; altsyncram Parameter Settings by Entity Instance                                             ;
+-------------------------------------------+--------------------------------------------------+
; Name                                      ; Value                                            ;
+-------------------------------------------+--------------------------------------------------+
; Number of entity instances                ; 1                                                ;
; Entity Instance                           ; inst_mem:get_mem|altsyncram:altsyncram_component ;
;     -- OPERATION_MODE                     ; ROM                                              ;
;     -- WIDTH_A                            ; 9                                                ;
;     -- NUMWORDS_A                         ; 32                                               ;
;     -- OUTDATA_REG_A                      ; UNREGISTERED                                     ;
;     -- WIDTH_B                            ; 1                                                ;
;     -- NUMWORDS_B                         ; 0                                                ;
;     -- ADDRESS_REG_B                      ; CLOCK1                                           ;
;     -- OUTDATA_REG_B                      ; UNREGISTERED                                     ;
;     -- RAM_BLOCK_TYPE                     ; AUTO                                             ;
;     -- READ_DURING_WRITE_MODE_MIXED_PORTS ; DONT_CARE                                        ;
+-------------------------------------------+--------------------------------------------------+


+------------------------------------------------------+
; Port Connectivity Checks: "CPU:get_cpu|dec3to8:decY" ;
+------+-------+----------+----------------------------+
; Port ; Type  ; Severity ; Details                    ;
+------+-------+----------+----------------------------+
; en   ; Input ; Info     ; Stuck at VCC               ;
+------+-------+----------+----------------------------+


+------------------------------------------------------+
; Port Connectivity Checks: "CPU:get_cpu|dec3to8:decX" ;
+------+-------+----------+----------------------------+
; Port ; Type  ; Severity ; Details                    ;
+------+-------+----------+----------------------------+
; en   ; Input ; Info     ; Stuck at VCC               ;
+------+-------+----------+----------------------------+


+-----------------------------------------------------+
; Post-Synthesis Netlist Statistics for Top Partition ;
+-----------------------+-----------------------------+
; Type                  ; Count                       ;
+-----------------------+-----------------------------+
; boundary_port         ; 14                          ;
; cycloneiii_ff         ; 108                         ;
;     CLR               ; 9                           ;
;     ENA               ; 99                          ;
; cycloneiii_lcell_comb ; 131                         ;
;     arith             ; 12                          ;
;         2 data inputs ; 2                           ;
;         3 data inputs ; 10                          ;
;     normal            ; 119                         ;
;         1 data inputs ; 3                           ;
;         2 data inputs ; 7                           ;
;         3 data inputs ; 18                          ;
;         4 data inputs ; 91                          ;
; cycloneiii_ram_block  ; 9                           ;
;                       ;                             ;
; Max LUT depth         ; 12.80                       ;
; Average LUT depth     ; 7.93                        ;
+-----------------------+-----------------------------+


+-------------------------------+
; Elapsed Time Per Partition    ;
+----------------+--------------+
; Partition Name ; Elapsed Time ;
+----------------+--------------+
; Top            ; 00:00:00     ;
+----------------+--------------+


+-------------------------------+
; Analysis & Synthesis Messages ;
+-------------------------------+
Info: *******************************************************************
Info: Running Quartus Prime Analysis & Synthesis
    Info: Version 18.1.0 Build 625 09/12/2018 SJ Lite Edition
    Info: Processing started: Thu Dec 05 12:18:52 2019
Info: Command: quartus_map --read_settings_files=on --write_settings_files=off cpuwmem -c cpuwmem
Warning (18236): Number of processors has not been specified which may cause overloading on shared machines.  Set the global assignment NUM_PARALLEL_PROCESSORS in your QSF to an appropriate value for best performance.
Info (20030): Parallel compilation is enabled and will use 6 of the 6 processors detected
Info (12021): Found 2 design units, including 1 entities, in source file /cpu/cpu.vhd
    Info (12022): Found design unit 1: CPU-Behavior File: C:/CPU/CPU.vhd Line: 12
    Info (12023): Found entity 1: CPU File: C:/CPU/CPU.vhd Line: 5
Info (12021): Found 2 design units, including 1 entities, in source file /cpu/addsub.vhd
    Info (12022): Found design unit 1: addsub-Behavior File: C:/CPU/addsub.vhd Line: 12
    Info (12023): Found entity 1: addsub File: C:/CPU/addsub.vhd Line: 6
Warning (12090): Entity "mux" obtained from "../CPU/mux.vhd" instead of from Quartus Prime megafunction library File: C:/CPU/mux.vhd Line: 4
Info (12021): Found 2 design units, including 1 entities, in source file /cpu/mux.vhd
    Info (12022): Found design unit 1: mux-Behavior File: C:/CPU/mux.vhd Line: 11
    Info (12023): Found entity 1: mux File: C:/CPU/mux.vhd Line: 4
Info (12021): Found 2 design units, including 1 entities, in source file /cpu/dec3to8.vhd
    Info (12022): Found design unit 1: dec3to8-Behavior File: C:/CPU/dec3to8.vhd Line: 11
    Info (12023): Found entity 1: dec3to8 File: C:/CPU/dec3to8.vhd Line: 5
Info (12021): Found 2 design units, including 1 entities, in source file /cpu/regn.vhd
    Info (12022): Found design unit 1: regn-Behavior File: C:/CPU/regn.vhd Line: 12
    Info (12023): Found entity 1: regn File: C:/CPU/regn.vhd Line: 4
Info (12021): Found 2 design units, including 1 entities, in source file cpuwmem.vhd
    Info (12022): Found design unit 1: cpuwmem-Behavior File: C:/fuckit/cpuwmem.vhd Line: 11
    Info (12023): Found entity 1: cpuwmem File: C:/fuckit/cpuwmem.vhd Line: 5
Info (12021): Found 2 design units, including 1 entities, in source file inst_mem.vhd
    Info (12022): Found design unit 1: inst_mem-SYN File: C:/fuckit/inst_mem.vhd Line: 52
    Info (12023): Found entity 1: inst_mem File: C:/fuckit/inst_mem.vhd Line: 42
Info (12127): Elaborating entity "cpuwmem" for the top level hierarchy
Warning (10492): VHDL Process Statement warning at cpuwmem.vhd(37): signal "Resetn" is read inside the Process Statement but isn't in the Process Statement's sensitivity list File: C:/fuckit/cpuwmem.vhd Line: 37
Warning (10492): VHDL Process Statement warning at cpuwmem.vhd(42): signal "addy" is read inside the Process Statement but isn't in the Process Statement's sensitivity list File: C:/fuckit/cpuwmem.vhd Line: 42
Info (12128): Elaborating entity "inst_mem" for hierarchy "inst_mem:get_mem" File: C:/fuckit/cpuwmem.vhd Line: 47
Info (12128): Elaborating entity "altsyncram" for hierarchy "inst_mem:get_mem|altsyncram:altsyncram_component" File: C:/fuckit/inst_mem.vhd Line: 59
Info (12130): Elaborated megafunction instantiation "inst_mem:get_mem|altsyncram:altsyncram_component" File: C:/fuckit/inst_mem.vhd Line: 59
Info (12133): Instantiated megafunction "inst_mem:get_mem|altsyncram:altsyncram_component" with the following parameter: File: C:/fuckit/inst_mem.vhd Line: 59
    Info (12134): Parameter "address_aclr_a" = "NONE"
    Info (12134): Parameter "address_aclr_b" = "NONE"
    Info (12134): Parameter "address_reg_b" = "CLOCK1"
    Info (12134): Parameter "byte_size" = "8"
    Info (12134): Parameter "byteena_aclr_a" = "UNUSED"
    Info (12134): Parameter "byteena_aclr_b" = "NONE"
    Info (12134): Parameter "byteena_reg_b" = "CLOCK1"
    Info (12134): Parameter "clock_enable_core_a" = "USE_INPUT_CLKEN"
    Info (12134): Parameter "clock_enable_core_b" = "USE_INPUT_CLKEN"
    Info (12134): Parameter "clock_enable_input_a" = "BYPASS"
    Info (12134): Parameter "clock_enable_input_b" = "NORMAL"
    Info (12134): Parameter "clock_enable_output_a" = "BYPASS"
    Info (12134): Parameter "clock_enable_output_b" = "NORMAL"
    Info (12134): Parameter "intended_device_family" = "MAX 10"
    Info (12134): Parameter "ecc_pipeline_stage_enabled" = "FALSE"
    Info (12134): Parameter "enable_ecc" = "FALSE"
    Info (12134): Parameter "implement_in_les" = "OFF"
    Info (12134): Parameter "indata_aclr_a" = "UNUSED"
    Info (12134): Parameter "indata_aclr_b" = "NONE"
    Info (12134): Parameter "indata_reg_b" = "CLOCK1"
    Info (12134): Parameter "init_file" = "../Users/SHR77/Desktop/inst_mem.mif"
    Info (12134): Parameter "init_file_layout" = "PORT_A"
    Info (12134): Parameter "maximum_depth" = "0"
    Info (12134): Parameter "numwords_a" = "32"
    Info (12134): Parameter "numwords_b" = "0"
    Info (12134): Parameter "operation_mode" = "ROM"
    Info (12134): Parameter "outdata_aclr_a" = "NONE"
    Info (12134): Parameter "outdata_aclr_b" = "NONE"
    Info (12134): Parameter "outdata_reg_a" = "UNREGISTERED"
    Info (12134): Parameter "outdata_reg_b" = "UNREGISTERED"
    Info (12134): Parameter "power_up_uninitialized" = "FALSE"
    Info (12134): Parameter "ram_block_type" = "AUTO"
    Info (12134): Parameter "rdcontrol_aclr_b" = "NONE"
    Info (12134): Parameter "rdcontrol_reg_b" = "CLOCK1"
    Info (12134): Parameter "read_during_write_mode_mixed_ports" = "DONT_CARE"
    Info (12134): Parameter "read_during_write_mode_port_a" = "NEW_DATA_NO_NBE_READ"
    Info (12134): Parameter "read_during_write_mode_port_b" = "NEW_DATA_NO_NBE_READ"
    Info (12134): Parameter "stratixiv_m144k_allow_dual_clocks" = "ON"
    Info (12134): Parameter "width_a" = "9"
    Info (12134): Parameter "width_b" = "1"
    Info (12134): Parameter "width_byteena_a" = "1"
    Info (12134): Parameter "width_byteena_b" = "1"
    Info (12134): Parameter "width_eccstatus" = "3"
    Info (12134): Parameter "widthad_a" = "5"
    Info (12134): Parameter "widthad_b" = "1"
    Info (12134): Parameter "wrcontrol_aclr_a" = "UNUSED"
    Info (12134): Parameter "wrcontrol_aclr_b" = "NONE"
    Info (12134): Parameter "wrcontrol_wraddress_reg_b" = "CLOCK1"
    Info (12134): Parameter "lpm_hint" = "ENABLE_RUNTIME_MOD=NO"
    Info (12134): Parameter "lpm_type" = "altsyncram"
Info (12021): Found 1 design units, including 1 entities, in source file db/altsyncram_vct3.tdf
    Info (12023): Found entity 1: altsyncram_vct3 File: C:/fuckit/db/altsyncram_vct3.tdf Line: 27
Info (12128): Elaborating entity "altsyncram_vct3" for hierarchy "inst_mem:get_mem|altsyncram:altsyncram_component|altsyncram_vct3:auto_generated" File: c:/intelfpga_lite/18.1/quartus/libraries/megafunctions/altsyncram.tdf Line: 791
Info (12128): Elaborating entity "CPU" for hierarchy "CPU:get_cpu" File: C:/fuckit/cpuwmem.vhd Line: 48
Info (12128): Elaborating entity "dec3to8" for hierarchy "CPU:get_cpu|dec3to8:decX" File: C:/CPU/CPU.vhd Line: 71
Info (12128): Elaborating entity "regn" for hierarchy "CPU:get_cpu|regn:reg_0" File: C:/CPU/CPU.vhd Line: 255
Info (12128): Elaborating entity "addsub" for hierarchy "CPU:get_cpu|addsub:a_plus_bus" File: C:/CPU/CPU.vhd Line: 267
Info (12128): Elaborating entity "mux" for hierarchy "CPU:get_cpu|mux:mux_define" File: C:/CPU/CPU.vhd Line: 274
Info (286030): Timing-Driven Synthesis is running
Info (16010): Generating hard_block partition "hard_block:auto_generated_inst"
    Info (16011): Adding 0 node(s), including 0 DDIO, 0 PLL, 0 transceiver and 0 LCELL
Info (21057): Implemented 244 device resources after synthesis - the final resource count might be different
    Info (21058): Implemented 4 input pins
    Info (21059): Implemented 10 output pins
    Info (21061): Implemented 221 logic cells
    Info (21064): Implemented 9 RAM segments
Info: Quartus Prime Analysis & Synthesis was successful. 0 errors, 4 warnings
    Info: Peak virtual memory: 4829 megabytes
    Info: Processing ended: Thu Dec 05 12:19:01 2019
    Info: Elapsed time: 00:00:09
    Info: Total CPU time (on all processors): 00:00:19


